Thu Aug 23 17:06:39 CST 2012  [debug] AvalonLogSystem initialized using logfile 'velocity.log'
Thu Aug 23 17:06:39 CST 2012   [info] ************************************************************** 
Thu Aug 23 17:06:39 CST 2012   [info] Starting Jakarta Velocity v1.4
Thu Aug 23 17:06:39 CST 2012   [info] RuntimeInstance initializing.
Thu Aug 23 17:06:39 CST 2012   [info] Default Properties File: org\apache\velocity\runtime\defaults\velocity.properties
Thu Aug 23 17:06:39 CST 2012   [info] Trying to use logger class org.apache.velocity.runtime.log.AvalonLogSystem
Thu Aug 23 17:06:39 CST 2012   [info] Using logger class org.apache.velocity.runtime.log.AvalonLogSystem
Thu Aug 23 17:06:39 CST 2012   [info] Default ResourceManager initializing. (class org.apache.velocity.runtime.resource.ResourceManagerImpl)
Thu Aug 23 17:06:39 CST 2012   [info] Resource Loader Instantiated: org.apache.velocity.runtime.resource.loader.FileResourceLoader
Thu Aug 23 17:06:39 CST 2012   [info] FileResourceLoader : initialization starting.
Thu Aug 23 17:06:39 CST 2012   [info] FileResourceLoader : adding path 'D:\WORKSPACE\pinger\src\main\webapp\'
Thu Aug 23 17:06:39 CST 2012   [info] FileResourceLoader : initialization complete.
Thu Aug 23 17:06:39 CST 2012   [info] Resource Loader Instantiated: com.opensymphony.webwork.views.velocity.WebWorkResourceLoader
Thu Aug 23 17:06:39 CST 2012   [info] ClasspathResourceLoader : initialization starting.
Thu Aug 23 17:06:39 CST 2012   [info] ClasspathResourceLoader : initialization complete.
Thu Aug 23 17:06:39 CST 2012   [info] ResourceCache : initialized. (class org.apache.velocity.runtime.resource.ResourceCacheImpl)
Thu Aug 23 17:06:39 CST 2012   [info] Default ResourceManager initialization complete.
Thu Aug 23 17:06:39 CST 2012   [info] Loaded System Directive: org.apache.velocity.runtime.directive.Literal
Thu Aug 23 17:06:39 CST 2012   [info] Loaded System Directive: org.apache.velocity.runtime.directive.Macro
Thu Aug 23 17:06:39 CST 2012   [info] Loaded System Directive: org.apache.velocity.runtime.directive.Parse
Thu Aug 23 17:06:39 CST 2012   [info] Loaded System Directive: org.apache.velocity.runtime.directive.Include
Thu Aug 23 17:06:39 CST 2012   [info] Loaded System Directive: org.apache.velocity.runtime.directive.Foreach
Thu Aug 23 17:06:39 CST 2012   [info] Loaded User Directive: com.opensymphony.webwork.views.velocity.components.ActionDirective
Thu Aug 23 17:06:39 CST 2012   [info] Loaded User Directive: com.opensymphony.webwork.views.velocity.components.BeanDirective
Thu Aug 23 17:06:39 CST 2012   [info] Loaded User Directive: com.opensymphony.webwork.views.velocity.components.CheckBoxDirective
Thu Aug 23 17:06:39 CST 2012   [info] Loaded User Directive: com.opensymphony.webwork.views.velocity.components.CheckBoxListDirective
Thu Aug 23 17:06:39 CST 2012   [info] Loaded User Directive: com.opensymphony.webwork.views.velocity.components.ComboBoxDirective
Thu Aug 23 17:06:39 CST 2012   [info] Loaded User Directive: com.opensymphony.webwork.views.velocity.components.ComponentDirective
Thu Aug 23 17:06:39 CST 2012   [info] Loaded User Directive: com.opensymphony.webwork.views.velocity.components.DateDirective
Thu Aug 23 17:06:39 CST 2012   [info] Loaded User Directive: com.opensymphony.webwork.views.velocity.components.DatePickerDirective
Thu Aug 23 17:06:39 CST 2012   [info] Loaded User Directive: com.opensymphony.webwork.views.velocity.components.DebugDirective
Thu Aug 23 17:06:39 CST 2012   [info] Loaded User Directive: com.opensymphony.webwork.views.velocity.components.DivDirective
Thu Aug 23 17:06:39 CST 2012   [info] Loaded User Directive: com.opensymphony.webwork.views.velocity.components.DoubleSelectDirective
Thu Aug 23 17:06:39 CST 2012   [info] Loaded User Directive: com.opensymphony.webwork.views.velocity.components.FileDirective
Thu Aug 23 17:06:39 CST 2012   [info] Loaded User Directive: com.opensymphony.webwork.views.velocity.components.FormDirective
Thu Aug 23 17:06:39 CST 2012   [info] Loaded User Directive: com.opensymphony.webwork.views.velocity.components.HeadDirective
Thu Aug 23 17:06:39 CST 2012   [info] Loaded User Directive: com.opensymphony.webwork.views.velocity.components.HiddenDirective
Thu Aug 23 17:06:39 CST 2012   [info] Loaded User Directive: com.opensymphony.webwork.views.velocity.components.AnchorDirective
Thu Aug 23 17:06:39 CST 2012   [info] Loaded User Directive: com.opensymphony.webwork.views.velocity.components.I18nDirective
Thu Aug 23 17:06:39 CST 2012   [info] Loaded User Directive: com.opensymphony.webwork.views.velocity.components.IncludeDirective
Thu Aug 23 17:06:39 CST 2012   [info] Loaded User Directive: com.opensymphony.webwork.views.velocity.components.LabelDirective
Thu Aug 23 17:06:39 CST 2012   [info] Loaded User Directive: com.opensymphony.webwork.views.velocity.components.PanelDirective
Thu Aug 23 17:06:39 CST 2012   [info] Loaded User Directive: com.opensymphony.webwork.views.velocity.components.ParamDirective
Thu Aug 23 17:06:39 CST 2012   [info] Loaded User Directive: com.opensymphony.webwork.views.velocity.components.PasswordDirective
Thu Aug 23 17:06:39 CST 2012   [info] Loaded User Directive: com.opensymphony.webwork.views.velocity.components.PushDirective
Thu Aug 23 17:06:39 CST 2012   [info] Loaded User Directive: com.opensymphony.webwork.views.velocity.components.PropertyDirective
Thu Aug 23 17:06:39 CST 2012   [info] Loaded User Directive: com.opensymphony.webwork.views.velocity.components.RadioDirective
Thu Aug 23 17:06:39 CST 2012   [info] Loaded User Directive: com.opensymphony.webwork.views.velocity.components.SelectDirective
Thu Aug 23 17:06:39 CST 2012   [info] Loaded User Directive: com.opensymphony.webwork.views.velocity.components.SetDirective
Thu Aug 23 17:06:39 CST 2012   [info] Loaded User Directive: com.opensymphony.webwork.views.velocity.components.SubmitDirective
Thu Aug 23 17:06:39 CST 2012   [info] Loaded User Directive: com.opensymphony.webwork.views.velocity.components.ResetDirective
Thu Aug 23 17:06:39 CST 2012   [info] Loaded User Directive: com.opensymphony.webwork.views.velocity.components.TabbedPanelDirective
Thu Aug 23 17:06:39 CST 2012   [info] Loaded User Directive: com.opensymphony.webwork.views.velocity.components.TextAreaDirective
Thu Aug 23 17:06:39 CST 2012   [info] Loaded User Directive: com.opensymphony.webwork.views.velocity.components.TextDirective
Thu Aug 23 17:06:39 CST 2012   [info] Loaded User Directive: com.opensymphony.webwork.views.velocity.components.TextFieldDirective
Thu Aug 23 17:06:39 CST 2012   [info] Loaded User Directive: com.opensymphony.webwork.views.velocity.components.TokenDirective
Thu Aug 23 17:06:39 CST 2012   [info] Loaded User Directive: com.opensymphony.webwork.views.velocity.components.TreeDirective
Thu Aug 23 17:06:39 CST 2012   [info] Loaded User Directive: com.opensymphony.webwork.views.velocity.components.TreeNodeDirective
Thu Aug 23 17:06:39 CST 2012   [info] Loaded User Directive: com.opensymphony.webwork.views.velocity.components.URLDirective
Thu Aug 23 17:06:39 CST 2012   [info] Loaded User Directive: com.opensymphony.webwork.views.velocity.components.WebTableDirective
Thu Aug 23 17:06:39 CST 2012   [info] Loaded User Directive: com.opensymphony.webwork.views.velocity.components.ActionErrorDirective
Thu Aug 23 17:06:39 CST 2012   [info] Loaded User Directive: com.opensymphony.webwork.views.velocity.components.ActionMessageDirective
Thu Aug 23 17:06:39 CST 2012   [info] Loaded User Directive: com.opensymphony.webwork.views.velocity.components.FieldErrorDirective
Thu Aug 23 17:06:39 CST 2012   [info] Loaded User Directive: com.opensymphony.webwork.views.velocity.components.OptionTransferSelectDirective
Thu Aug 23 17:06:39 CST 2012   [info] Loaded User Directive: com.opensymphony.webwork.views.velocity.components.UpDownSelectDirective
Thu Aug 23 17:06:39 CST 2012   [info] Loaded User Directive: com.opensymphony.webwork.views.velocity.components.ActionDirective
Thu Aug 23 17:06:39 CST 2012   [info] Loaded User Directive: com.opensymphony.webwork.views.velocity.components.BeanDirective
Thu Aug 23 17:06:39 CST 2012   [info] Loaded User Directive: com.opensymphony.webwork.views.velocity.components.CheckBoxDirective
Thu Aug 23 17:06:39 CST 2012   [info] Loaded User Directive: com.opensymphony.webwork.views.velocity.components.CheckBoxListDirective
Thu Aug 23 17:06:39 CST 2012   [info] Loaded User Directive: com.opensymphony.webwork.views.velocity.components.ComboBoxDirective
Thu Aug 23 17:06:39 CST 2012   [info] Loaded User Directive: com.opensymphony.webwork.views.velocity.components.ComponentDirective
Thu Aug 23 17:06:39 CST 2012   [info] Loaded User Directive: com.opensymphony.webwork.views.velocity.components.DateDirective
Thu Aug 23 17:06:39 CST 2012   [info] Loaded User Directive: com.opensymphony.webwork.views.velocity.components.DatePickerDirective
Thu Aug 23 17:06:39 CST 2012   [info] Loaded User Directive: com.opensymphony.webwork.views.velocity.components.DebugDirective
Thu Aug 23 17:06:39 CST 2012   [info] Loaded User Directive: com.opensymphony.webwork.views.velocity.components.DivDirective
Thu Aug 23 17:06:39 CST 2012   [info] Loaded User Directive: com.opensymphony.webwork.views.velocity.components.DoubleSelectDirective
Thu Aug 23 17:06:39 CST 2012   [info] Loaded User Directive: com.opensymphony.webwork.views.velocity.components.FileDirective
Thu Aug 23 17:06:39 CST 2012   [info] Loaded User Directive: com.opensymphony.webwork.views.velocity.components.FormDirective
Thu Aug 23 17:06:39 CST 2012   [info] Loaded User Directive: com.opensymphony.webwork.views.velocity.components.HeadDirective
Thu Aug 23 17:06:39 CST 2012   [info] Loaded User Directive: com.opensymphony.webwork.views.velocity.components.HiddenDirective
Thu Aug 23 17:06:39 CST 2012   [info] Loaded User Directive: com.opensymphony.webwork.views.velocity.components.AnchorDirective
Thu Aug 23 17:06:39 CST 2012   [info] Loaded User Directive: com.opensymphony.webwork.views.velocity.components.I18nDirective
Thu Aug 23 17:06:39 CST 2012   [info] Loaded User Directive: com.opensymphony.webwork.views.velocity.components.IncludeDirective
Thu Aug 23 17:06:39 CST 2012   [info] Loaded User Directive: com.opensymphony.webwork.views.velocity.components.LabelDirective
Thu Aug 23 17:06:39 CST 2012   [info] Loaded User Directive: com.opensymphony.webwork.views.velocity.components.PanelDirective
Thu Aug 23 17:06:39 CST 2012   [info] Loaded User Directive: com.opensymphony.webwork.views.velocity.components.ParamDirective
Thu Aug 23 17:06:39 CST 2012   [info] Loaded User Directive: com.opensymphony.webwork.views.velocity.components.PasswordDirective
Thu Aug 23 17:06:39 CST 2012   [info] Loaded User Directive: com.opensymphony.webwork.views.velocity.components.PushDirective
Thu Aug 23 17:06:39 CST 2012   [info] Loaded User Directive: com.opensymphony.webwork.views.velocity.components.PropertyDirective
Thu Aug 23 17:06:39 CST 2012   [info] Loaded User Directive: com.opensymphony.webwork.views.velocity.components.RadioDirective
Thu Aug 23 17:06:39 CST 2012   [info] Loaded User Directive: com.opensymphony.webwork.views.velocity.components.SelectDirective
Thu Aug 23 17:06:39 CST 2012   [info] Loaded User Directive: com.opensymphony.webwork.views.velocity.components.SetDirective
Thu Aug 23 17:06:39 CST 2012   [info] Loaded User Directive: com.opensymphony.webwork.views.velocity.components.SubmitDirective
Thu Aug 23 17:06:39 CST 2012   [info] Loaded User Directive: com.opensymphony.webwork.views.velocity.components.ResetDirective
Thu Aug 23 17:06:39 CST 2012   [info] Loaded User Directive: com.opensymphony.webwork.views.velocity.components.TabbedPanelDirective
Thu Aug 23 17:06:39 CST 2012   [info] Loaded User Directive: com.opensymphony.webwork.views.velocity.components.TextAreaDirective
Thu Aug 23 17:06:39 CST 2012   [info] Loaded User Directive: com.opensymphony.webwork.views.velocity.components.TextDirective
Thu Aug 23 17:06:39 CST 2012   [info] Loaded User Directive: com.opensymphony.webwork.views.velocity.components.TextFieldDirective
Thu Aug 23 17:06:39 CST 2012   [info] Loaded User Directive: com.opensymphony.webwork.views.velocity.components.TokenDirective
Thu Aug 23 17:06:39 CST 2012   [info] Loaded User Directive: com.opensymphony.webwork.views.velocity.components.TreeDirective
Thu Aug 23 17:06:39 CST 2012   [info] Loaded User Directive: com.opensymphony.webwork.views.velocity.components.TreeNodeDirective
Thu Aug 23 17:06:39 CST 2012   [info] Loaded User Directive: com.opensymphony.webwork.views.velocity.components.URLDirective
Thu Aug 23 17:06:39 CST 2012   [info] Loaded User Directive: com.opensymphony.webwork.views.velocity.components.WebTableDirective
Thu Aug 23 17:06:39 CST 2012   [info] Loaded User Directive: com.opensymphony.webwork.views.velocity.components.ActionErrorDirective
Thu Aug 23 17:06:39 CST 2012   [info] Loaded User Directive: com.opensymphony.webwork.views.velocity.components.ActionMessageDirective
Thu Aug 23 17:06:39 CST 2012   [info] Loaded User Directive: com.opensymphony.webwork.views.velocity.components.FieldErrorDirective
Thu Aug 23 17:06:39 CST 2012   [info] Loaded User Directive: com.opensymphony.webwork.views.velocity.components.OptionTransferSelectDirective
Thu Aug 23 17:06:39 CST 2012   [info] Loaded User Directive: com.opensymphony.webwork.views.velocity.components.UpDownSelectDirective
Thu Aug 23 17:06:39 CST 2012   [info] Created: 20 parsers.
Thu Aug 23 17:06:39 CST 2012   [info] Velocimacro : initialization starting.
Thu Aug 23 17:06:39 CST 2012   [info] Velocimacro : adding VMs from VM library template : VM_global_library.vm
Thu Aug 23 17:06:39 CST 2012  [error] ResourceManager : unable to find resource 'VM_global_library.vm' in any resource loader.
Thu Aug 23 17:06:39 CST 2012   [info] Velocimacro : error using  VM library template VM_global_library.vm : org.apache.velocity.exception.ResourceNotFoundException: Unable to find resource 'VM_global_library.vm'
Thu Aug 23 17:06:39 CST 2012   [info] Velocimacro :  VM library template macro registration complete.
Thu Aug 23 17:06:39 CST 2012   [info] Velocimacro : allowInline = true : VMs can be defined inline in templates
Thu Aug 23 17:06:39 CST 2012   [info] Velocimacro : allowInlineToOverride = false : VMs defined inline may NOT replace previous VM definitions
Thu Aug 23 17:06:39 CST 2012   [info] Velocimacro : allowInlineLocal = false : VMs defined inline will be  global in scope if allowed.
Thu Aug 23 17:06:39 CST 2012   [info] Velocimacro : messages on  : VM system will output logging messages
Thu Aug 23 17:06:39 CST 2012   [info] Velocimacro : autoload off  : VM system will not automatically reload global library macros
Thu Aug 23 17:06:39 CST 2012   [info] Velocimacro : initialization complete.
Thu Aug 23 17:06:39 CST 2012   [info] Velocity successfully started.
Thu Aug 23 17:06:39 CST 2012   [info] ResourceManager : found //vm/home.vm with loader com.opensymphony.webwork.views.velocity.WebWorkResourceLoader
Thu Aug 23 17:06:49 CST 2012   [info] ResourceManager : found //vm/check.vm with loader com.opensymphony.webwork.views.velocity.WebWorkResourceLoader
